<?xml version="1.0" encoding="UTF-8"?>
<testsuite xmlns:xsi="http://www.w3.org/2001/XMLSchema-instance" xsi:noNamespaceSchemaLocation="https://maven.apache.org/surefire/maven-surefire-plugin/xsd/surefire-test-report-3.0.xsd" version="3.0" name="runner.Testrunner" time="102.146" tests="5" errors="0" skipped="0" failures="4">
  <properties>
[...]
</properties>
  <testcase name="Crear una nueva cuenta para el usuario del banco" classname="Creacion de nuevo  usuario en el banco" time="28.815">
    <failure type="java.lang.AssertionError"><![CDATA[java.lang.AssertionError
	at org.junit.Assert.fail(Assert.java:87)
	at org.junit.Assert.assertTrue(Assert.java:42)
	at org.junit.Assert.assertTrue(Assert.java:53)
	at seleniumgluecode.Test.el_usuario_visualiza_en_pantalla_el_mensaje(Test.java:70)
	at ✽.El usuario visualiza en pantalla el mensaje "You are now logged in"(file:///C:/Users/diego_dlc7/Documents/2.%20Automation/banktestqaautomation/src/test/java/features/test.feature:18)
]]></failure>
    <system-out><![CDATA[Se esta ejecutando el escenario: 1
Elemento By.xpath: //p[text()='Your account was created successfully. You are now logged in.'] no se encuentra visible.
Elemento By.xpath: //p[text()='Your account was created successfully. You are now logged in.'] no se encuentra visible.
El escensario 1 se ejecuto correctamente.
]]></system-out>
    <system-err><![CDATA[SLF4J: Failed to load class "org.slf4j.impl.StaticLoggerBinder".
SLF4J: Defaulting to no-operation (NOP) logger implementation
SLF4J: See http://www.slf4j.org/codes.html#StaticLoggerBinder for further details.
ene 03, 2025 2:15:13 P. M. org.openqa.selenium.devtools.CdpVersionFinder findNearestMatch
WARNING: Unable to find CDP implementation matching 131
ene 03, 2025 2:15:13 P. M. org.openqa.selenium.chromium.ChromiumDriver lambda$new$5
WARNING: Unable to find version of CDP to use for 131.0.6778.205. You may need to include a dependency on a specific version of the CDP using something similar to `org.seleniumhq.selenium:selenium-devtools-v86:4.11.0` where the version ("v86") matches the version of the chromium-based browser you're using and the version number of the artifact is the same as Selenium's.
]]></system-err>
  </testcase>
  <testcase name="Ingresar con un usuario con una cuenta creada" classname="Creacion de nuevo  usuario en el banco" time="23.19">
    <failure type="java.lang.AssertionError"><![CDATA[java.lang.AssertionError
	at org.junit.Assert.fail(Assert.java:87)
	at org.junit.Assert.assertTrue(Assert.java:42)
	at org.junit.Assert.assertTrue(Assert.java:53)
	at seleniumgluecode.Test.El_usuario_visualiza_en_pantalla_el_mensaje_Welcome(Test.java:95)
	at ✽.El usuario visualiza en pantalla el mensaje Welcome(file:///C:/Users/diego_dlc7/Documents/2.%20Automation/banktestqaautomation/src/test/java/features/test.feature:32)
]]></failure>
    <system-out><![CDATA[Se esta ejecutando el escenario: 2
Elemento By.xpath: //b[text()="Welcome"] no se encuentra visible.
Elemento no esta visible tomando captura........
Captura de pantalla guardada en: C:\Users\diego_dlc7\Documents\2. Automation\banktestqaautomation\src\test\resources\screenshots\errorAccesoCuentaCreada.png
Elemento By.xpath: //b[text()="Welcome"] no se encuentra visible.
El escensario 2 se ejecuto correctamente.
]]></system-out>
    <system-err><![CDATA[ene 03, 2025 2:15:34 P. M. org.openqa.selenium.devtools.CdpVersionFinder findNearestMatch
WARNING: Unable to find CDP implementation matching 131
ene 03, 2025 2:15:34 P. M. org.openqa.selenium.chromium.ChromiumDriver lambda$new$5
WARNING: Unable to find version of CDP to use for 131.0.6778.205. You may need to include a dependency on a specific version of the CDP using something similar to `org.seleniumhq.selenium:selenium-devtools-v86:4.11.0` where the version ("v86") matches the version of the chromium-based browser you're using and the version number of the artifact is the same as Selenium's.
]]></system-err>
  </testcase>
  <testcase name="El usuario no ingresa información a los campo e intenta crear una nueva cuenta" classname="Creacion de nuevo  usuario en el banco" time="10.71">
    <system-out><![CDATA[Se esta ejecutando el escenario: 3
Elemento no visible, error: no such element: Unable to locate element: {"method":"css selector","selector":"#customer\.phoneNumber\.errors"}
  (Session info: chrome=131.0.6778.205)
For documentation on this error, please visit: https://www.selenium.dev/documentation/webdriver/troubleshooting/errors#no-such-element-exception
Build info: version: '4.11.0', revision: '040bc5406b'
System info: os.name: 'Windows 10', os.arch: 'amd64', os.version: '10.0', java.version: '23.0.1'
Driver info: org.openqa.selenium.chrome.ChromeDriver
Command: [7e16e5c132108e7d9908b6b405d1b9fe, findElement {using=id, value=customer.phoneNumber.errors}]
Capabilities {acceptInsecureCerts: false, browserName: chrome, browserVersion: 131.0.6778.205, chrome: {chromedriverVersion: 131.0.6778.69 (77e2244bbcda..., userDataDir: C:\Users\DIEGO_~1\AppData\L...}, fedcm:accounts: true, goog:chromeOptions: {debuggerAddress: localhost:53492}, networkConnectionEnabled: false, pageLoadStrategy: normal, platformName: windows, proxy: Proxy(), se:cdp: ws://localhost:53492/devtoo..., se:cdpVersion: 131.0.6778.205, setWindowRect: true, strictFileInteractability: false, timeouts: {implicit: 0, pageLoad: 300000, script: 30000}, unhandledPromptBehavior: dismiss and notify, webauthn:extension:credBlob: true, webauthn:extension:largeBlob: true, webauthn:extension:minPinLength: true, webauthn:extension:prf: true, webauthn:virtualAuthenticators: true}
Session ID: 7e16e5c132108e7d9908b6b405d1b9fe
Elemento no visible, error: no such element: Unable to locate element: {"method":"css selector","selector":"#customer\.phoneNumber\.errors"}
  (Session info: chrome=131.0.6778.205)
For documentation on this error, please visit: https://www.selenium.dev/documentation/webdriver/troubleshooting/errors#no-such-element-exception
Build info: version: '4.11.0', revision: '040bc5406b'
System info: os.name: 'Windows 10', os.arch: 'amd64', os.version: '10.0', java.version: '23.0.1'
Driver info: org.openqa.selenium.chrome.ChromeDriver
Command: [7e16e5c132108e7d9908b6b405d1b9fe, findElement {using=id, value=customer.phoneNumber.errors}]
Capabilities {acceptInsecureCerts: false, browserName: chrome, browserVersion: 131.0.6778.205, chrome: {chromedriverVersion: 131.0.6778.69 (77e2244bbcda..., userDataDir: C:\Users\DIEGO_~1\AppData\L...}, fedcm:accounts: true, goog:chromeOptions: {debuggerAddress: localhost:53492}, networkConnectionEnabled: false, pageLoadStrategy: normal, platformName: windows, proxy: Proxy(), se:cdp: ws://localhost:53492/devtoo..., se:cdpVersion: 131.0.6778.205, setWindowRect: true, strictFileInteractability: false, timeouts: {implicit: 0, pageLoad: 300000, script: 30000}, unhandledPromptBehavior: dismiss and notify, webauthn:extension:credBlob: true, webauthn:extension:largeBlob: true, webauthn:extension:minPinLength: true, webauthn:extension:prf: true, webauthn:virtualAuthenticators: true}
Session ID: 7e16e5c132108e7d9908b6b405d1b9fe
Elemento no visible, error: no such element: Unable to locate element: {"method":"css selector","selector":"#customer\.phoneNumber\.errors"}
  (Session info: chrome=131.0.6778.205)
For documentation on this error, please visit: https://www.selenium.dev/documentation/webdriver/troubleshooting/errors#no-such-element-exception
Build info: version: '4.11.0', revision: '040bc5406b'
System info: os.name: 'Windows 10', os.arch: 'amd64', os.version: '10.0', java.version: '23.0.1'
Driver info: org.openqa.selenium.chrome.ChromeDriver
Command: [7e16e5c132108e7d9908b6b405d1b9fe, findElement {using=id, value=customer.phoneNumber.errors}]
Capabilities {acceptInsecureCerts: false, browserName: chrome, browserVersion: 131.0.6778.205, chrome: {chromedriverVersion: 131.0.6778.69 (77e2244bbcda..., userDataDir: C:\Users\DIEGO_~1\AppData\L...}, fedcm:accounts: true, goog:chromeOptions: {debuggerAddress: localhost:53492}, networkConnectionEnabled: false, pageLoadStrategy: normal, platformName: windows, proxy: Proxy(), se:cdp: ws://localhost:53492/devtoo..., se:cdpVersion: 131.0.6778.205, setWindowRect: true, strictFileInteractability: false, timeouts: {implicit: 0, pageLoad: 300000, script: 30000}, unhandledPromptBehavior: dismiss and notify, webauthn:extension:credBlob: true, webauthn:extension:largeBlob: true, webauthn:extension:minPinLength: true, webauthn:extension:prf: true, webauthn:virtualAuthenticators: true}
Session ID: 7e16e5c132108e7d9908b6b405d1b9fe
true
El escensario 3 se ejecuto correctamente.
]]></system-out>
    <system-err><![CDATA[ene 03, 2025 2:15:57 P. M. org.openqa.selenium.devtools.CdpVersionFinder findNearestMatch
WARNING: Unable to find CDP implementation matching 131
ene 03, 2025 2:15:57 P. M. org.openqa.selenium.chromium.ChromiumDriver lambda$new$5
WARNING: Unable to find version of CDP to use for 131.0.6778.205. You may need to include a dependency on a specific version of the CDP using something similar to `org.seleniumhq.selenium:selenium-devtools-v86:4.11.0` where the version ("v86") matches the version of the chromium-based browser you're using and the version number of the artifact is the same as Selenium's.
]]></system-err>
  </testcase>
  <testcase name="Crear una nueva cuenta de un usuaro que ya realizó registro previo" classname="Abrir nueva cuenta bancaria" time="16.603">
    <failure type="java.lang.AssertionError"><![CDATA[java.lang.AssertionError
	at org.junit.Assert.fail(Assert.java:87)
	at org.junit.Assert.assertTrue(Assert.java:42)
	at org.junit.Assert.assertTrue(Assert.java:53)
	at seleniumgluecode.Test.El_usuario_visualiza_en_la_funcionalidad_el_mensaje_Open_New_Account(Test.java:127)
	at ✽.El usuario visualiza en la funcionalidad el mensaje Open New Account(file:///C:/Users/diego_dlc7/Documents/2.%20Automation/banktestqaautomation/src/test/java/features/test2.feature:12)
]]></failure>
    <system-out><![CDATA[Se esta ejecutando el escenario: 4
ElementoBy.xpath: //a[text()='Open New Account']no disponible. Error: org.openqa.selenium.TimeoutException: Expected condition failed: waiting for element to be clickable: By.xpath: //a[text()='Open New Account'] (tried for 5 second(s) with 500 milliseconds interval)
Build info: version: '4.11.0', revision: '040bc5406b'
System info: os.name: 'Windows 10', os.arch: 'amd64', os.version: '10.0', java.version: '23.0.1'
Driver info: org.openqa.selenium.chrome.ChromeDriver
Capabilities {acceptInsecureCerts: false, browserName: chrome, browserVersion: 131.0.6778.205, chrome: {chromedriverVersion: 131.0.6778.69 (77e2244bbcda..., userDataDir: C:\Users\DIEGO_~1\AppData\L...}, fedcm:accounts: true, goog:chromeOptions: {debuggerAddress: localhost:53515}, networkConnectionEnabled: false, pageLoadStrategy: normal, platformName: windows, proxy: Proxy(), se:cdp: ws://localhost:53515/devtoo..., se:cdpVersion: 131.0.6778.205, setWindowRect: true, strictFileInteractability: false, timeouts: {implicit: 0, pageLoad: 300000, script: 30000}, unhandledPromptBehavior: dismiss and notify, webauthn:extension:credBlob: true, webauthn:extension:largeBlob: true, webauthn:extension:minPinLength: true, webauthn:extension:prf: true, webauthn:virtualAuthenticators: true}
Session ID: 5480b929642f8dd17738e87cd851f155
Elemento By.xpath: //h1[text()='Open New Account'] no se encuentra visible.
El escensario 4 se ejecuto correctamente.
]]></system-out>
    <system-err><![CDATA[ene 03, 2025 2:16:08 P. M. org.openqa.selenium.devtools.CdpVersionFinder findNearestMatch
WARNING: Unable to find CDP implementation matching 131
ene 03, 2025 2:16:08 P. M. org.openqa.selenium.chromium.ChromiumDriver lambda$new$5
WARNING: Unable to find version of CDP to use for 131.0.6778.205. You may need to include a dependency on a specific version of the CDP using something similar to `org.seleniumhq.selenium:selenium-devtools-v86:4.11.0` where the version ("v86") matches the version of the chromium-based browser you're using and the version number of the artifact is the same as Selenium's.
]]></system-err>
  </testcase>
  <testcase name="Transferencia de fondo de cuentas" classname="Abrir nueva cuenta bancaria" time="17.831">
    <failure type="java.lang.AssertionError"><![CDATA[java.lang.AssertionError
	at org.junit.Assert.fail(Assert.java:87)
	at org.junit.Assert.assertTrue(Assert.java:42)
	at org.junit.Assert.assertTrue(Assert.java:53)
	at seleniumgluecode.Test.el_usuario_visualiza_en_pantalla_el_mensaje_Balance_includes_deposits_that_may_be_subject_to_holds(Test.java:164)
	at ✽.el usuario visualiza en pantalla el mensaje Balance includes deposits that may be subject to holds(file:///C:/Users/diego_dlc7/Documents/2.%20Automation/banktestqaautomation/src/test/java/features/test2.feature:23)
]]></failure>
    <system-out><![CDATA[Se esta ejecutando el escenario: 5
ElementoBy.xpath: //a[text()='Accounts Overview']no disponible. Error: org.openqa.selenium.TimeoutException: Expected condition failed: waiting for element to be clickable: By.xpath: //a[text()='Accounts Overview'] (tried for 5 second(s) with 500 milliseconds interval)
Build info: version: '4.11.0', revision: '040bc5406b'
System info: os.name: 'Windows 10', os.arch: 'amd64', os.version: '10.0', java.version: '23.0.1'
Driver info: org.openqa.selenium.chrome.ChromeDriver
Capabilities {acceptInsecureCerts: false, browserName: chrome, browserVersion: 131.0.6778.205, chrome: {chromedriverVersion: 131.0.6778.69 (77e2244bbcda..., userDataDir: C:\Users\DIEGO_~1\AppData\L...}, fedcm:accounts: true, goog:chromeOptions: {debuggerAddress: localhost:53542}, networkConnectionEnabled: false, pageLoadStrategy: normal, platformName: windows, proxy: Proxy(), se:cdp: ws://localhost:53542/devtoo..., se:cdpVersion: 131.0.6778.205, setWindowRect: true, strictFileInteractability: false, timeouts: {implicit: 0, pageLoad: 300000, script: 30000}, unhandledPromptBehavior: dismiss and notify, webauthn:extension:credBlob: true, webauthn:extension:largeBlob: true, webauthn:extension:minPinLength: true, webauthn:extension:prf: true, webauthn:virtualAuthenticators: true}
Session ID: 83d7e9d7e3d428be96a8e064687c139a
Elemento By.cssSelector: td[colspan="3"] no se encuentra visible.
El escensario 5 se ejecuto correctamente.
]]></system-out>
    <system-err><![CDATA[ene 03, 2025 2:16:25 P. M. org.openqa.selenium.devtools.CdpVersionFinder findNearestMatch
WARNING: Unable to find CDP implementation matching 131
ene 03, 2025 2:16:25 P. M. org.openqa.selenium.chromium.ChromiumDriver lambda$new$5
WARNING: Unable to find version of CDP to use for 131.0.6778.205. You may need to include a dependency on a specific version of the CDP using something similar to `org.seleniumhq.selenium:selenium-devtools-v86:4.11.0` where the version ("v86") matches the version of the chromium-based browser you're using and the version number of the artifact is the same as Selenium's.
]]></system-err>
  </testcase>
</testsuite>